This is pdfTeX, Version 3.14159265-2.6-1.40.16 (TeX Live 2015/Debian) (preloaded format=prv_bohmianMech 2016.3.23)  23 MAR 2016 18:47
entering extended mode
 restricted \write18 enabled.
 %&-line parsing enabled.
**&prv_bohmianMech bohmianMech.tex
(./bohmianMech.tex
LaTeX2e <2015/01/01>
Babel <3.9l> and hyphenation patterns for 7 languages loaded.
CUSTOMISED FORMAT. Preloaded files:
        .
a0poster.cls    2004/01/31 v1.22b a0poster class (GK, MW)
 article.cls    2014/09/29 v1.4h Standard LaTeX document class
  size10.clo    2014/09/29 v1.4h Standard LaTeX file (size option)
  a0size.sty    2004/01/31 v1.22b a0poster class (GK, MW)
fancytikzposter.sty    
  ifthen.sty    2014/09/29 v1.1c Standard LaTeX ifthen package (DPC)
    tikz.sty    2013/12/13 v3.0.0 (rcs-revision 1.142)
     pgf.sty    2013/12/18 v3.0.0 (rcs-revision 1.14)
  pgfrcs.sty    2013/12/20 v3.0.0 (rcs-revision 1.28)
everyshi.sty    2001/05/15 v3.00 EveryShipout Package (MS)
  pgfrcs.code.tex
 pgfcore.sty    2010/04/11 v3.0.0 (rcs-revision 1.7)
graphicx.sty    2014/10/28 v1.0g Enhanced LaTeX Graphics (DPC,SPQR)
  keyval.sty    2014/10/28 v1.15 key=value parser (DPC)
graphics.sty    2014/10/28 v1.0p Standard LaTeX Graphics (DPC,SPQR)
    trig.sty    1999/03/16 v1.09 sin cos tan (DPC)
graphics.cfg    2010/04/23 v1.9 graphics configuration of TeX Live
  pdftex.def    2011/05/27 v0.06d Graphics/color for pdfTeX
infwarerr.sty    2010/04/08 v1.3 Providing info/warning/error messages (HO)
 ltxcmds.sty    2011/11/09 v1.22 LaTeX kernel commands for general use (HO)
  pgfsys.sty    2013/11/30 v3.0.0 (rcs-revision 1.47)
  pgfsys.code.tex
pgfsyssoftpath.code.tex    2013/09/09  (rcs-revision 1.9)
pgfsysprotocol.code.tex    2006/10/16  (rcs-revision 1.4)
  xcolor.sty    2007/01/21 v2.11 LaTeX color extensions (UK)
   color.cfg    2007/01/18 v1.5 color configuration of teTeX/TeXLive
 pgfcore.code.tex
pgfcomp-version-0-65.sty    2007/07/03 v3.0.0 (rcs-revision 1.7)
pgfcomp-version-1-18.sty    2007/07/23 v3.0.0 (rcs-revision 1.1)
  pgffor.sty    2013/12/13 v3.0.0 (rcs-revision 1.25)
 pgfkeys.sty    
 pgfkeys.code.tex
 pgfmath.sty    
 pgfmath.code.tex
  pgffor.code.tex
    tikz.code.tex
 amssymb.sty    2013/01/14 v3.01 AMS font symbols
amsfonts.sty    2013/01/14 v3.01 Basic AMSFonts support
 amsmath.sty    2013/01/14 v2.14 AMS math features
 amstext.sty    2000/06/29 v2.01
  amsgen.sty    1999/11/30 v2.0
  amsbsy.sty    1999/11/29 v1.2d
  amsopn.sty    1999/12/14 v2.01 operator names
 eso-pic.sty    2015/04/20 v2.0e eso-pic (RN)
atbegshi.sty    2011/10/05 v1.16 At begin shipout hook (HO)
   ifpdf.sty    2011/01/30 v2.3 Provides the ifpdf switch (HO)
  braket.sty    
titlesec.sty    2011/12/15 v2.10.0 Sectioning titles
geometry.sty    2010/09/12 v5.6 Page Geometry
  ifvtex.sty    2010/03/01 v1.5 Detect VTeX and its facilities (HO)
 ifxetex.sty    2010/09/12 v0.6 Provides ifxetex conditional
cmbright.sty    2005/04/13 v8.1 (WaS)
 ot1cmbr.fd    2005/04/13 v8.1 (WaS)
  kurier.sty    2005/10/03 v.1.2 Kurier package (MW)
 fontenc.sty
   t1enc.def    2005/09/27 v1.99g Standard LaTeX file
t1kurier.fd    2008/07/22 v0.995 font definition file for T1/kurier (MW)
hyperref.sty    2012/11/06 v6.83m Hypertext links for LaTeX
hobsub-hyperref.sty    2012/05/28 v1.13 Bundle oberdiek, subset hyperref (HO)
hobsub-generic.sty    2012/05/28 v1.13 Bundle oberdiek, subset generic (HO)
  hobsub.sty    2012/05/28 v1.13 Construct package bundles (HO)
ifluatex.sty    2010/03/01 v1.3 Provides the ifluatex switch (HO)
 intcalc.sty    2007/09/27 v1.1 Expandable calculations with integers (HO)
etexcmds.sty    2011/02/16 v1.5 Avoid name clashes with e-TeX commands (HO)
kvsetkeys.sty    2012/04/25 v1.16 Key value parser (HO)
kvdefinekeys.sty    2011/04/07 v1.3 Define keys (HO)
pdftexcmds.sty    2011/11/29 v0.20 Utility functions of pdfTeX for LuaTeX (HO)
pdfescape.sty    2011/11/25 v1.13 Implements pdfTeX's escape features (HO)
bigintcalc.sty    2012/04/08 v1.3 Expandable calculations on big integers (HO)
  bitset.sty    2011/01/30 v1.1 Handle bit-vector datatype (HO)
uniquecounter.sty    2011/01/30 v1.2 Provide unlimited unique counter (HO)
letltxmacro.sty    2010/09/02 v1.4 Let assignment for LaTeX macros (HO)
 hopatch.sty    2012/05/28 v1.2 Wrapper for package hooks (HO)
xcolor-patch.sty    2011/01/30 xcolor patch
atveryend.sty    2011/06/30 v1.8 Hooks at the very end of document (HO)
refcount.sty    2011/10/16 v3.4 Data extraction from label references (HO)
 hycolor.sty    2011/01/30 v1.7 Color options for hyperref/bookmark (HO)
 auxhook.sty    2011/03/04 v1.3 Hooks for auxiliary files (HO)
kvoptions.sty    2011/06/30 v3.11 Key value format for package options (HO)
  pd1enc.def    2012/11/06 v6.83m Hyperref: PDFDocEncoding definition (HO)
hyperref.cfg    2002/06/06 v1.2 hyperref configuration of TeXLive
     url.sty    2013/09/16  ver 3.4  Verb mode for urls, etc.
 hpdftex.def    2012/11/06 v6.83m Hyperref driver for pdfTeX
rerunfilecheck.sty    2011/04/15 v1.7 Rerun checks for auxiliary files (HO)
ot1kurierm.fd    2005/10/03 v1.2 font definition file for OT1/kurierm (MW)
omlkurier.fd    2008/07/22 v0.995 font definition file for OML/kurier (MW)
omskurier.fd    2008/07/22 v0.995 font definition file for OMS/kurier (MW)
omxkurier.fd    2008/07/22 v0.995 font definition file for OMX/kurier (MW)
    umsa.fd    2013/01/14 v3.01 AMS symbols A
    umsb.fd    2013/01/14 v3.01 AMS symbols B
  t1cmtl.fd    2005/04/13 v8.1 (WaS)
  t1cmbr.fd    2005/04/13 v8.1 (WaS)
        .
! Argument of ^^M has an extra }.
<inserted text> 
                \par 
l.22 \bibliographystyle{plain} %apsrev4-1}
                                          
I've run across a `}' that doesn't seem to match anything.
For example, `\def\a#1{...}' and `\a}' would produce
this error. If you simply proceed now, the `\par' that
I've just inserted will cause me to report a runaway
argument that might be the root of the problem. But if
your `}' was spurious, just type `2' and it will go away.

Runaway argument?
\bibliographystyle {plain}apsrev4-1
! Paragraph ended before ^^M was complete.
<to be read again> 
                   \par 
l.22 \bibliographystyle{plain} %apsrev4-1}
                                          
I suspect you've forgotten a `}', causing me to apply this
control sequence to too much text. How can we recover?
My plan is to forget the whole thing and hope for the best.

! Too many }'s.
<recently read> }
                 
l.22 \bibliographystyle{plain} %apsrev4-1}
                                          
You've closed more groups than you opened.
Such booboos are generally harmless, so keep going.

\openout3 = `a0header.ps'.

(./bohmianMech.aux)
LaTeX Font Info:    Checking defaults for OML/cmm/m/it on input line 131.
LaTeX Font Info:    ... okay on input line 131.
LaTeX Font Info:    Checking defaults for T1/cmr/m/n on input line 131.
LaTeX Font Info:    ... okay on input line 131.
LaTeX Font Info:    Checking defaults for OT1/cmr/m/n on input line 131.
LaTeX Font Info:    ... okay on input line 131.
LaTeX Font Info:    Checking defaults for OMS/cmsy/m/n on input line 131.
LaTeX Font Info:    ... okay on input line 131.
LaTeX Font Info:    Checking defaults for OMX/cmex/m/n on input line 131.
LaTeX Font Info:    ... okay on input line 131.
LaTeX Font Info:    Checking defaults for U/cmr/m/n on input line 131.
LaTeX Font Info:    ... okay on input line 131.
LaTeX Font Info:    Checking defaults for PD1/pdf/m/n on input line 131.
LaTeX Font Info:    ... okay on input line 131.
 (/usr/share/texmf/tex/latex/preview/preview.sty
Package: preview 2010/02/14 11.88 (AUCTeX/preview-latex)

(/usr/share/texmf/tex/latex/preview/prtightpage.def
\PreviewBorder=\dimen185
)
(/usr/share/texmf/tex/latex/preview/prauctex.def
No auxiliary output files.


\hbadness=\count140
\hfuzz=\dimen186
(/usr/share/texmf/tex/latex/preview/prauctex.cfg))
(/usr/share/texmf/tex/latex/preview/prfootnotes.def)
\pr@snippet=\count141
\pr@box=\box61
\pr@output=\toks35

Preview: Fontsize 24.88pt
Preview: PDFoutput 1
) ABD: EveryShipout initializing macros
(/usr/share/texlive/texmf-dist/tex/context/base/supp-pdf.mkii
[Loading MPS to PDF converter (version 2006.09.02).]
\scratchcounter=\count142
\scratchdimen=\dimen187
\scratchbox=\box62
\nofMPsegments=\count143
\nofMParguments=\count144
\everyMPshowfont=\toks36
\MPscratchCnt=\count145
\MPscratchDim=\dimen188
\MPnumerator=\count146
\makeMPintoPDFobject=\count147
\everyMPtoPDFconversion=\toks37
) (/usr/share/texlive/texmf-dist/tex/latex/oberdiek/epstopdf-base.sty
Package: epstopdf-base 2010/02/09 v2.5 Base part for package epstopdf

(/usr/share/texlive/texmf-dist/tex/latex/oberdiek/grfext.sty
Package: grfext 2010/08/19 v1.1 Manage graphics extensions (HO)
)
Package grfext Info: Graphics extension search list:
(grfext)             [.png,.pdf,.jpg,.mps,.jpeg,.jbig2,.jb2,.PNG,.PDF,.JPG,.JPE
G,.JBIG2,.JB2,.eps]
(grfext)             \AppendGraphicsExtensions on input line 452.

(/usr/share/texlive/texmf-dist/tex/latex/latexconfig/epstopdf-sys.cfg
File: epstopdf-sys.cfg 2010/07/13 v1.3 Configuration of (r)epstopdf for TeX Liv
e
))
\AtBeginShipoutBox=\box63

*geometry* driver: auto-detecting
*geometry* detected driver: pdftex
*geometry* verbose mode - [ preamble ] result:
* driver: pdftex
* paper: custom
* layout: <same size as paper>
* layoutoffset:(h,v)=(0.0pt,0.0pt)
* modes: 
* h-part:(L,W,R)=(22.76228pt, 2347.35237pt, 22.76228pt)
* v-part:(T,H,B)=(22.76228pt, 3337.50793pt, 22.76228pt)
* \paperwidth=2392.87694pt
* \paperheight=3383.0325pt
* \textwidth=2347.35237pt
* \textheight=3337.50793pt
* \oddsidemargin=-49.5077pt
* \evensidemargin=-49.5077pt
* \topmargin=-49.5077pt
* \headheight=0.0pt
* \headsep=0.0pt
* \topskip=10.0pt
* \footskip=30.0pt
* \marginparwidth=65.0pt
* \marginparsep=11.0pt
* \columnsep=10.0pt
* \skip\footins=9.0pt plus 4.0pt minus 2.0pt
* \hoffset=0.0pt
* \voffset=0.0pt
* \mag=1000
* \@twocolumnfalse
* \@twosidefalse
* \@mparswitchfalse
* \@reversemarginfalse
* (1in=72.27pt=25.4mm, 1cm=28.453pt)

Package hyperref Info: Link coloring OFF on input line 131.
(/usr/share/texlive/texmf-dist/tex/latex/hyperref/nameref.sty
Package: nameref 2012/10/27 v2.43 Cross-referencing by name of section

(/usr/share/texlive/texmf-dist/tex/generic/oberdiek/gettitlestring.sty
Package: gettitlestring 2010/12/03 v1.4 Cleanup title references (HO)
)
\c@section@level=\count148
)
LaTeX Info: Redefining \ref on input line 131.
LaTeX Info: Redefining \pageref on input line 131.
LaTeX Info: Redefining \nameref on input line 131.

(./bohmianMech.out) (./bohmianMech.out)

! Package tikz Error: Sorry, some package has redefined the meaning of the math
-mode dollar sign. This is incompatible with tikz and its calc library and migh
t cause unrecoverable errors.

See the tikz package documentation for explanation.
Type  H <return>  for immediate help.
 ...                                              
                                                  
l.140   \initializesizeandshifts
                                
This error message was generated by an \errmessage
command, so I can't give any explicit help.
Pretend that you're Hercule Poirot: Examine all clues,
and deduce the truth by order and method.

! Preview: Snippet 1 started.
<-><->
      
l.183   }
         
Not a real error.

Preview: Tightpage -32891 -32891 32891 32891
! Preview: Snippet 1 ended.(1141374+375024x3728491).
<-><->
      
l.183   }
         
Not a real error.

[1{/var/lib/texmf/fonts/map/pdftex/updmap/pdftex.map}]
! Preview: Snippet 2 started.
<-><->
      
l.183   }
         
Not a real error.

! Preview: Snippet 2 ended.(1141374+375024x3728491).
<-><->
      
l.183   }
         
Not a real error.

[2]
! Preview: Snippet 3 started.
<-><->
      
l.218  }
        
Not a real error.

! Preview: Snippet 3 ended.(1141374+375024x1270186).
<-><->
      
l.218  }
        
Not a real error.

[3]
! Preview: Snippet 4 started.
<-><->
      
l.218  }
        
Not a real error.

! Preview: Snippet 4 ended.(1203355+0x777618).
<-><->
      
l.218  }
        
Not a real error.

[4]
! Preview: Snippet 5 started.
<-><->
      
l.218  }
        
Not a real error.

! Preview: Snippet 5 ended.(1141374+375024x3728491).
<-><->
      
l.218  }
        
Not a real error.

[5]
! Preview: Snippet 6 started.
<-><->
      
l.218  }
        
Not a real error.

! Preview: Snippet 6 ended.(1141374+375024x3728491).
<-><->
      
l.218  }
        
Not a real error.

[6]
! Preview: Snippet 7 started.
<-><->
      
l.218  }
        
Not a real error.

! Preview: Snippet 7 ended.(1141374+375024x1270186).
<-><->
      
l.218  }
        
Not a real error.

[7]
! Preview: Snippet 8 started.
<-><->
      
l.218  }
        
Not a real error.

! Preview: Snippet 8 ended.(1141374+375024x1270186).
<-><->
      
l.218  }
        
Not a real error.

[8]
! Preview: Snippet 9 started.
<-><->
      
l.218  }
        
Not a real error.

! Preview: Snippet 9 ended.(1141374+375024x20964780).
<-><->
      
l.218  }
        
Not a real error.

[9]
! Preview: Snippet 10 started.
<-><->
      
l.218  }
        
Not a real error.

! Preview: Snippet 10 ended.(1543159+375024x8265837).
<-><->
      
l.218  }
        
Not a real error.

[10]
! Preview: Snippet 11 started.
<-><->
      
l.218  }
        
Not a real error.

! Preview: Snippet 11 ended.(1141374+0x1687606).
<-><->
      
l.218  }
        
Not a real error.

[11]
! Preview: Snippet 12 started.
<-><->
      
l.218  }
        
Not a real error.

! Preview: Snippet 12 ended.(1543159+407634x10142409).
<-><->
      
l.218  }
        
Not a real error.

[12]
! Preview: Snippet 13 started.
<-><->
      
l.218  }
        
Not a real error.

! Preview: Snippet 13 ended.(1141374+63590x3911382).
<-><->
      
l.218  }
        
Not a real error.

[13]
! Preview: Snippet 14 started.
<-><->
      
l.218  }
        
Not a real error.

! Preview: Snippet 14 ended.(1141374+0x1395736).
<-><->
      
l.218  }
        
Not a real error.

[14]
! Preview: Snippet 15 started.
<-><->
      
l.218  }
        
Not a real error.

! Preview: Snippet 15 ended.(1141374+375024x17908790).
<-><->
      
l.218  }
        
Not a real error.

[15]
! Preview: Snippet 16 started.
<-><->
      
l.218  }
        
Not a real error.

! Preview: Snippet 16 ended.(1543159+16305x1987966).
<-><->
      
l.218  }
        
Not a real error.

[16]
! Preview: Snippet 17 started.
<-><->
      
l.218  }
        
Not a real error.

! Preview: Snippet 17 ended.(1141374+375024x3728491).
<-><->
      
l.218  }
        
Not a real error.

[17]
! Preview: Snippet 18 started.
<-><->
      
l.218  }
        
Not a real error.

! Preview: Snippet 18 ended.(1543159+375024x10885109).
<-><->
      
l.218  }
        
Not a real error.

[18]
! Preview: Snippet 19 started.
<-><->
      
l.218  }
        
Not a real error.

! Preview: Snippet 19 ended.(1141374+375024x19240045).
<-><->
      
l.218  }
        
Not a real error.

[19]
! Preview: Snippet 20 started.
<-><->
      
l.218  }
        
Not a real error.

! Preview: Snippet 20 ended.(1141374+375024x2636031).
<-><->
      
l.218  }
        
Not a real error.

[20]
! Preview: Snippet 21 started.
<-><->
      
l.218  }
        
Not a real error.

! Preview: Snippet 21 ended.(1543159+0x1923968).
<-><->
      
l.218  }
        
Not a real error.

[21]
! Preview: Snippet 22 started.
<-><->
      
l.263  }
        
Not a real error.

! Preview: Snippet 22 ended.(1141374+132072x10835619).
<-><->
      
l.263  }
        
Not a real error.

[22]
! Preview: Snippet 23 started.
<-><->
      
l.263  }
        
Not a real error.

! Preview: Snippet 23 ended.(1141374+132072x10974214).
<-><->
      
l.263  }
        
Not a real error.

[23]
! Preview: Snippet 24 started.
<-><->
      
l.263  }
        
Not a real error.

! Preview: Snippet 24 ended.(1141374+132072x11039436).
<-><->
      
l.263  }
        
Not a real error.

[24]
! Preview: Snippet 25 started.
<-><->
      
l.263  }
        
Not a real error.

! Preview: Snippet 25 ended.(1141374+132072x11181292).
<-><->
      
l.263  }
        
Not a real error.

[25]
! Preview: Snippet 26 started.
<-><->
      
l.263  }
        
Not a real error.

! Preview: Snippet 26 ended.(1203355+0x777618).
<-><->
      
l.263  }
        
Not a real error.

[26]
! Preview: Snippet 27 started.
<-><->
      
l.263  }
        
Not a real error.

! Preview: Snippet 27 ended.(1524545+407634x17650533).
<-><->
      
l.263  }
        
Not a real error.

[27]
! Preview: Snippet 28 started.
<-><->
      
l.263  }
        
Not a real error.

! Preview: Snippet 28 ended.(1222902+407634x12407217).
<-><->
      
l.263  }
        
Not a real error.

[28]
! Preview: Snippet 29 started.
<-><->
      
l.263  }
        
Not a real error.

! Preview: Snippet 29 ended.(1141374+316324x5048676).
<-><->
      
l.263  }
        
Not a real error.

[29]
! Preview: Snippet 30 started.
<-><->
      
l.263  }
        
Not a real error.

! Preview: Snippet 30 ended.(1141374+0x3419230).
<-><->
      
l.263  }
        
Not a real error.

[30]
! Preview: Snippet 31 started.
<-><->
      
l.263  }
        
Not a real error.

! Preview: Snippet 31 ended.(1141374+63590x2577511).
<-><->
      
l.263  }
        
Not a real error.

[31]
! Preview: Snippet 32 started.
<-><->
      
l.263  }
        
Not a real error.

! Preview: Snippet 32 ended.(1141374+63590x6886649).
<-><->
      
l.263  }
        
Not a real error.

[32]
! Preview: Snippet 33 started.
<-><->
      
l.263  }
        
Not a real error.

! Preview: Snippet 33 ended.(1543159+63590x4980126).
<-><->
      
l.263  }
        
Not a real error.

[33]
! Preview: Snippet 34 started.
<-><->
      
l.263  }
        
Not a real error.

! Preview: Snippet 34 ended.(1141374+63590x5592005).
<-><->
      
l.263  }
        
Not a real error.

[34]
! Preview: Snippet 35 started.
<-><->
      
l.263  }
        
Not a real error.

! Preview: Snippet 35 ended.(1141374+63590x6423578).
<-><->
      
l.263  }
        
Not a real error.

[35]
! Preview: Snippet 36 started.
<-><->
      
l.263  }
        
Not a real error.

! Preview: Snippet 36 ended.(1141374+0x1025606).
<-><->
      
l.263  }
        
Not a real error.

[36]
! Preview: Snippet 37 started.
<-><->
      
l.263  }
        
Not a real error.

! Preview: Snippet 37 ended.(1141374+0x1164201).
<-><->
      
l.263  }
        
Not a real error.

[37]
! Preview: Snippet 38 started.
<-><->
      
l.263  }
        
Not a real error.

! Preview: Snippet 38 ended.(1141374+0x1025606).
<-><->
      
l.263  }
        
Not a real error.

[38]
! Preview: Snippet 39 started.
<-><->
      
l.263  }
        
Not a real error.

! Preview: Snippet 39 ended.(1141374+0x1164201).
<-><->
      
l.263  }
        
Not a real error.

[39]
! Preview: Snippet 40 started.
<-><->
      
l.263  }
        
Not a real error.

! Preview: Snippet 40 ended.(1141374+0x1025606).
<-><->
      
l.263  }
        
Not a real error.

[40]
! Preview: Snippet 41 started.
<-><->
      
l.263  }
        
Not a real error.

! Preview: Snippet 41 ended.(1141374+0x1164201).
<-><->
      
l.263  }
        
Not a real error.

[41]
! Preview: Snippet 42 started.
<-><->
      
l.263  }
        
Not a real error.

! Preview: Snippet 42 ended.(5898240+0x38895716).
<-><->
      
l.263  }
        
Not a real error.

[42]
! Preview: Snippet 43 started.
<-><->
      
l.263  }
        
Not a real error.

! Preview: Snippet 43 ended.(1141374+364459x2263977).
<-><->
      
l.263  }
        
Not a real error.

[43]
! Preview: Snippet 44 started.
<-><->
      
l.263  }
        
Not a real error.

! Preview: Snippet 44 ended.(1141374+364459x1894557).
<-><->
      
l.263  }
        
Not a real error.

[44]
! Preview: Snippet 45 started.
<-><->
      
l.263  }
        
Not a real error.

! Preview: Snippet 45 ended.(1141374+364459x6088890).
<-><->
      
l.263  }
        
Not a real error.

[45]
! Preview: Snippet 46 started.
<-><->
      
l.263  }
        
Not a real error.

! Preview: Snippet 46 ended.(1222912+739294x14760229).
<-><->
      
l.263  }
        
Not a real error.

[46]
! Preview: Snippet 47 started.
<-><->
      
l.263  }
        
Not a real error.

! Preview: Snippet 47 ended.(1222902+407634x38034550).
<-><->
      
l.263  }
        
Not a real error.

[47]
! Preview: Snippet 48 started.
<-><->
      
l.263  }
        
Not a real error.

! Preview: Snippet 48 ended.(1222902+407634x7396480).
<-><->
      
l.263  }
        
Not a real error.

[48]
! Preview: Snippet 49 started.
<-><->
      
l.284 }
       
Not a real error.

! Preview: Snippet 49 ended.(1141374+375024x3728491).
<-><->
      
l.284 }
       
Not a real error.

[49]
! Preview: Snippet 50 started.
<-><->
      
l.284 }
       
Not a real error.

! Preview: Snippet 50 ended.(1524545+407634x38284195).
<-><->
      
l.284 }
       
Not a real error.

[50]
! Preview: Snippet 51 started.
<-><->
      
l.284 }
       
Not a real error.

! Preview: Snippet 51 ended.(739449+316888x1148465).
<-><->
      
l.284 }
       
Not a real error.

[51]
! Preview: Snippet 52 started.
<-><->
      
l.284 }
       
Not a real error.

! Preview: Snippet 52 ended.(1543159+16305x1987966).
<-><->
      
l.284 }
       
Not a real error.

[52]
! Preview: Snippet 53 started.
<-><->
      
l.284 }
       
Not a real error.

! Preview: Snippet 53 ended.(739449+364459x1468681).
<-><->
      
l.284 }
       
Not a real error.

[53]
! Preview: Snippet 54 started.
<-><->
      
l.284 }
       
Not a real error.

! Preview: Snippet 54 ended.(1141374+375024x4415035).
<-><->
      
l.284 }
       
Not a real error.

[54]
! Preview: Snippet 55 started.
<-><->
      
l.284 }
       
Not a real error.

! Preview: Snippet 55 ended.(1203355+0x777618).
<-><->
      
l.284 }
       
Not a real error.

[55]
! Preview: Snippet 56 started.
<-><->
      
l.284 }
       
Not a real error.

! Preview: Snippet 56 ended.(1141374+375024x4415035).
<-><->
      
l.284 }
       
Not a real error.

[56]
! Preview: Snippet 57 started.
<-><->
      
l.284 }
       
Not a real error.

! Preview: Snippet 57 ended.(1222902+407634x6015069).
<-><->
      
l.284 }
       
Not a real error.

[57]
! Preview: Snippet 58 started.
<-><->
      
l.284 }
       
Not a real error.

! Preview: Snippet 58 ended.(1141374+0x3649135).
<-><->
      
l.284 }
       
Not a real error.

[58]
! Preview: Snippet 59 started.
<-><->
      
l.284 }
       
Not a real error.

! Preview: Snippet 59 ended.(1141374+375024x5534760).
<-><->
      
l.284 }
       
Not a real error.

[59]
! Preview: Snippet 60 started.
<-><->
      
l.284 }
       
Not a real error.

! Preview: Snippet 60 ended.(1141374+375024x5534760).
<-><->
      
l.284 }
       
Not a real error.

[60]
! Preview: Snippet 61 started.
<-><->
      
l.284 }
       
Not a real error.

! Preview: Snippet 61 ended.(1141374+375024x5534760).
<-><->
      
l.284 }
       
Not a real error.

[61]
! Preview: Snippet 62 started.
<-><->
      
l.284 }
       
Not a real error.

! Preview: Snippet 62 ended.(1141374+375024x5534760).
<-><->
      
l.284 }
       
Not a real error.

[62]
! Preview: Snippet 63 started.
<-><->
      
l.284 }
       
Not a real error.

! Preview: Snippet 63 ended.(1141374+63590x2124586).
<-><->
      
l.284 }
       
Not a real error.

[63]
! Preview: Snippet 64 started.
<-><->
      
l.284 }
       
Not a real error.

! Preview: Snippet 64 ended.(1141374+0x3727401).
<-><->
      
l.284 }
       
Not a real error.

[64]
! Preview: Snippet 65 started.
<-><->
      
l.284 }
       
Not a real error.

! Preview: Snippet 65 ended.(1141374+375024x5534760).
<-><->
      
l.284 }
       
Not a real error.

[65]
! Preview: Snippet 66 started.
<-><->
      
l.284 }
       
Not a real error.

! Preview: Snippet 66 ended.(1141374+375024x5534760).
<-><->
      
l.284 }
       
Not a real error.

[66]
! Preview: Snippet 67 started.
<-><->
      
l.284 }
       
Not a real error.

! Preview: Snippet 67 ended.(1141374+375024x5534760).
<-><->
      
l.284 }
       
Not a real error.

[67]
! Preview: Snippet 68 started.
<-><->
      
l.284 }
       
Not a real error.

! Preview: Snippet 68 ended.(1141374+375024x5534760).
<-><->
      
l.284 }
       
Not a real error.

[68]
! Preview: Snippet 69 started.
<-><->
      
l.284 }
       
Not a real error.

! Preview: Snippet 69 ended.(1141374+54620x2124586).
<-><->
      
l.284 }
       
Not a real error.

[69]
! Preview: Snippet 70 started.
<-><->
      
l.308 }
       
Not a real error.

! Preview: Snippet 70 ended.(1141374+316324x3170844).
<-><->
      
l.308 }
       
Not a real error.

[70]
! Preview: Snippet 71 started.
<-><->
      
l.308 }
       
Not a real error.

! Preview: Snippet 71 ended.(1554033+63590x8725153).
<-><->
      
l.308 }
       
Not a real error.

[71]
! Preview: Snippet 72 started.
<-><->
      
l.308 }
       
Not a real error.

! Preview: Snippet 72 ended.(1554033+63590x8863748).
<-><->
      
l.308 }
       
Not a real error.

[72]
! Preview: Snippet 73 started.
<-><->
      
l.308 }
       
Not a real error.

! Preview: Snippet 73 ended.(1554033+63590x8928970).
<-><->
      
l.308 }
       
Not a real error.

[73]
! Preview: Snippet 74 started.
<-><->
      
l.308 }
       
Not a real error.

! Preview: Snippet 74 ended.(1141374+63590x7194820).
<-><->
      
l.308 }
       
Not a real error.

[74]
! Preview: Snippet 75 started.
<-><->
      
l.308 }
       
Not a real error.

! Preview: Snippet 75 ended.(1222902+407634x7831816).
<-><->
      
l.308 }
       
Not a real error.

[75]
! Preview: Snippet 76 started.
<-><->
      
l.308 }
       
Not a real error.

! Preview: Snippet 76 ended.(1554033+407634x5739383).
<-><->
      
l.308 }
       
Not a real error.

[76]
! Preview: Snippet 77 started.
<-><->
      
l.308 }
       
Not a real error.

! Preview: Snippet 77 ended.(1141374+316324x6887372).
<-><->
      
l.308 }
       
Not a real error.

[77]
! Preview: Snippet 78 started.
<-><->
      
l.308 }
       
Not a real error.

! Preview: Snippet 78 ended.(1141374+63590x8789304).
<-><->
      
l.308 }
       
Not a real error.

[78]
! Preview: Snippet 79 started.
<-><->
      
l.308 }
       
Not a real error.

! Preview: Snippet 79 ended.(1141374+316324x6887372).
<-><->
      
l.308 }
       
Not a real error.

[79]
! Preview: Snippet 80 started.
<-><->
      
l.308 }
       
Not a real error.

! Preview: Snippet 80 ended.(1323582+375024x12516343).
<-><->
      
l.308 }
       
Not a real error.

[80]
! Preview: Snippet 81 started.
<-><->
      
l.308 }
       
Not a real error.

! Preview: Snippet 81 ended.(1323582+375024x11968481).
<-><->
      
l.308 }
       
Not a real error.

[81]
! Preview: Snippet 82 started.
<-><->
      
l.308 }
       
Not a real error.

! Preview: Snippet 82 ended.(1123257+0x880946).
<-><->
      
l.308 }
       
Not a real error.

[82]
! Preview: Snippet 83 started.
<-><->
      
l.308 }
       
Not a real error.

! Preview: Snippet 83 ended.(10541022+0x39848275).
<-><->
      
l.308 }
       
Not a real error.

[83]
! Preview: Snippet 84 started.
<-><->
      
l.308 }
       
Not a real error.

! Preview: Snippet 84 ended.(10541022+0x39848275).
<-><->
      
l.308 }
       
Not a real error.

[84]
! Preview: Snippet 85 started.
<-><->
      
l.308 }
       
Not a real error.

! Preview: Snippet 85 ended.(1203355+0x777618).
<-><->
      
l.308 }
       
Not a real error.

[85]
! Preview: Snippet 86 started.
<-><->
      
l.308 }
       
Not a real error.

! Preview: Snippet 86 ended.(1222902+407634x7491036).
<-><->
      
l.308 }
       
Not a real error.

[86]
! Preview: Snippet 87 started.
<-><->
      
l.308 }
       
Not a real error.

! Preview: Snippet 87 ended.(1222902+407634x8250321).
<-><->
      
l.308 }
       
Not a real error.

[87]
! Preview: Snippet 88 started.
<-><->
      
l.308 }
       
Not a real error.

! Preview: Snippet 88 ended.(1222902+407634x7401358).
<-><->
      
l.308 }
       
Not a real error.

[88]
! Preview: Snippet 89 started.
<-><->
      
l.308 }
       
Not a real error.

! Preview: Snippet 89 ended.(1222902+407634x1901204).
<-><->
      
l.308 }
       
Not a real error.

[89]
! Preview: Snippet 90 started.
<-><->
      
l.308 }
       
Not a real error.

! Preview: Snippet 90 ended.(1593445+1103778x16671121).
<-><->
      
l.308 }
       
Not a real error.

[90]
! Preview: Snippet 91 started.
<-><->
      
l.337 }
       
Not a real error.

<harmonic1.jpeg, id=340, 481.8pt x 361.35pt>
File: harmonic1.jpeg Graphic file (type jpg)
 <use harmonic1.jpeg>
Package pdftex.def Info: harmonic1.jpeg used on input line 337.
(pdftex.def)             Requested size: 209.97992pt x 157.48372pt.

! Preview: Snippet 91 ended.(10320853+0x13761244).
<-><->
      
l.337 }
       
Not a real error.

[91 <./harmonic1.jpeg>]
! Preview: Snippet 92 started.
<-><->
      
l.337 }
       
Not a real error.

<harmonic2.jpeg, id=345, 481.8pt x 361.35pt>
File: harmonic2.jpeg Graphic file (type jpg)
 <use harmonic2.jpeg>
Package pdftex.def Info: harmonic2.jpeg used on input line 337.
(pdftex.def)             Requested size: 209.97992pt x 157.48372pt.

! Preview: Snippet 92 ended.(10320853+0x13761244).
<-><->
      
l.337 }
       
Not a real error.

[92 <./harmonic2.jpeg>]
! Preview: Snippet 93 started.
<-><->
      
l.337 }
       
Not a real error.

<harmonic.jpeg, id=349, 481.8pt x 361.35pt>
File: harmonic.jpeg Graphic file (type jpg)
 <use harmonic.jpeg>
Package pdftex.def Info: harmonic.jpeg used on input line 337.
(pdftex.def)             Requested size: 209.97992pt x 157.48372pt.

! Preview: Snippet 93 ended.(10320853+0x13761244).
<-><->
      
l.337 }
       
Not a real error.

[93 <./harmonic.jpeg>]
! Preview: Snippet 94 started.
<-><->
      
l.337 }
       
Not a real error.

! Preview: Snippet 94 ended.(753307+375024x975059).
<-><->
      
l.337 }
       
Not a real error.

[94] (./bohmianMech.bbl) [1
Non-PDF special ignored!]
Package atveryend Info: Empty hook `BeforeClearDocument' on input line 726.
Package atveryend Info: Empty hook `AfterLastShipout' on input line 726.
Package atveryend Info: Executing hook `AtVeryEndDocument' on input line 726.
Package atveryend Info: Empty hook `AtEndAfterFileList' on input line 726.
Package atveryend Info: Empty hook `AtVeryVeryEnd' on input line 726.
 ) 
Here is how much of TeX's memory you used:
 1028 strings out of 475684
 17237 string characters out of 5789639
 643134 words of memory out of 5000000
 23087 multiletter control sequences out of 15000+600000
 86065 words of font info for 76 fonts, out of 8000000 for 9000
 14 hyphenation exceptions out of 8191
 60i,19n,84p,1396b,1186s stack positions out of 5000i,500n,10000p,200000b,80000s
{/usr/share/texlive/texmf-dist/fonts/enc/dvips/kurier/ec-kurier.enc}{/usr/sha
re/texlive/texmf-dist/fonts/enc/dvips/kurier/ex-kurier.enc}{/usr/share/texlive/
texmf-dist/fonts/enc/dvips/kurier/sy-kurier.enc}{/usr/share/texlive/texmf-dist/
fonts/enc/dvips/kurier/mi-kurier.enc}{/usr/share/texlive/texmf-dist/fonts/enc/d
vips/kurier/rm-kurier.enc}</usr/share/texlive/texmf-dist/fonts/type1/nowacki/ku
rier/kurierb.pfb></usr/share/texlive/texmf-dist/fonts/type1/nowacki/kurier/kuri
err.pfb></usr/share/texlive/texmf-dist/fonts/type1/nowacki/kurier/kurierri.pfb>
</usr/share/texlive/texmf-dist/fonts/type1/public/amsfonts/symbols/msbm10.pfb>
Output written on bohmianMech.pdf (95 pages, 338700 bytes).
PDF statistics:
 407 PDF objects out of 1000 (max. 8388607)
 274 compressed objects within 3 object streams
 14 named destinations out of 1000 (max. 500000)
 130 words of extra memory for PDF output out of 10000 (max. 10000000)

